2021-08-11 16:16:53 [scrapy.middleware] INFO: Enabled extensions:
['scrapy.extensions.corestats.CoreStats',
 'scrapy.extensions.memusage.MemoryUsage',
 'scrapy.extensions.logstats.LogStats',
 'scrapy.extensions.throttle.AutoThrottle',
 'tutorial.extensions.StatsMailer',
 'tutorial.extensions.CoreStats']
2021-08-11 16:16:53 [scrapy.middleware] INFO: Enabled downloader middlewares:
['scrapy.downloadermiddlewares.httpauth.HttpAuthMiddleware',
 'scrapy.downloadermiddlewares.downloadtimeout.DownloadTimeoutMiddleware',
 'scrapy.downloadermiddlewares.defaultheaders.DefaultHeadersMiddleware',
 'tutorial.middlewares.UserAgentMiddleware',
 'tutorial.middlewares.RetryMiddleware',
 'scrapy.downloadermiddlewares.redirect.MetaRefreshMiddleware',
 'scrapy.downloadermiddlewares.httpcompression.HttpCompressionMiddleware',
 'scrapy.downloadermiddlewares.stats.DownloaderStats']
2021-08-11 16:16:53 [scrapy.middleware] INFO: Enabled spider middlewares:
['tutorial.middlewares.ErrorSpiderMiddleware',
 'scrapy.spidermiddlewares.offsite.OffsiteMiddleware',
 'scrapy.spidermiddlewares.referer.RefererMiddleware',
 'scrapy.spidermiddlewares.urllength.UrlLengthMiddleware',
 'scrapy.spidermiddlewares.depth.DepthMiddleware']
2021-08-11 16:16:54 [scrapy.middleware] INFO: Enabled item pipelines:
['tutorial.pipelines.BasicsPipeline',
 'tutorial.pipelines.AlignPipeline',
 'tutorial.pipelines.DbPipeline']
2021-08-11 16:16:54 [scrapy.core.engine] INFO: Spider opened
2021-08-11 16:16:54 [scrapy.extensions.logstats] INFO: Crawled 0 pages (at 0 pages/min), scraped 0 items (at 0 items/min)
2021-08-11 16:16:54 [scrapy.core.engine] DEBUG: Crawled (200) <GET http://push2.eastmoney.com/api/qt/clist/get?fs=m%3A0%2Bt%3A6%2Cm%3A0%2Bt%3A80%2Cm%3A1%2Bt%3A2%2Cm%3A1%2Bt%3A23&fields=f12%2Cf14&pn=1&pz=50000> (referer: None)
2021-08-11 16:16:58 [scrapy.core.scraper] DEBUG: Scraped from <200 http://push2.eastmoney.com/api/qt/clist/get?fs=m%3A0%2Bt%3A6%2Cm%3A0%2Bt%3A80%2Cm%3A1%2Bt%3A2%2Cm%3A1%2Bt%3A23&fields=f12%2Cf14&pn=1&pz=50000>
None
2021-08-11 16:16:58 [scrapy.core.engine] DEBUG: Crawled (200) <GET http://push2his.eastmoney.com/api/qt/stock/kline/get?fields1=f1%2Cf2%2Cf3%2Cf4%2Cf5%2Cf6&fields2=f51%2Cf52%2Cf53%2Cf54%2Cf55%2Cf56%2Cf57%2Cf58%2Cf59%2Cf60%2Cf61&klt=101&fqt=0&beg=20210811&end=20500101&secid=0.000090> (referer: http://push2.eastmoney.com/api/qt/clist/get?fs=m%3A0%2Bt%3A6%2Cm%3A0%2Bt%3A80%2Cm%3A1%2Bt%3A2%2Cm%3A1%2Bt%3A23&fields=f12%2Cf14&pn=1&pz=50000)
2021-08-11 16:16:59 [scrapy.core.scraper] DEBUG: Scraped from <200 http://push2his.eastmoney.com/api/qt/stock/kline/get?fields1=f1%2Cf2%2Cf3%2Cf4%2Cf5%2Cf6&fields2=f51%2Cf52%2Cf53%2Cf54%2Cf55%2Cf56%2Cf57%2Cf58%2Cf59%2Cf60%2Cf61&klt=101&fqt=0&beg=20210811&end=20500101&secid=0.000090>
None
2021-08-11 16:17:00 [scrapy.core.engine] DEBUG: Crawled (200) <GET http://push2his.eastmoney.com/api/qt/stock/kline/get?fields1=f1%2Cf2%2Cf3%2Cf4%2Cf5%2Cf6&fields2=f51%2Cf52%2Cf53%2Cf54%2Cf55%2Cf56%2Cf57%2Cf58%2Cf59%2Cf60%2Cf61&klt=101&fqt=0&beg=20210811&end=20500101&secid=0.000089> (referer: http://push2.eastmoney.com/api/qt/clist/get?fs=m%3A0%2Bt%3A6%2Cm%3A0%2Bt%3A80%2Cm%3A1%2Bt%3A2%2Cm%3A1%2Bt%3A23&fields=f12%2Cf14&pn=1&pz=50000)
2021-08-11 16:17:00 [scrapy.core.scraper] DEBUG: Scraped from <200 http://push2his.eastmoney.com/api/qt/stock/kline/get?fields1=f1%2Cf2%2Cf3%2Cf4%2Cf5%2Cf6&fields2=f51%2Cf52%2Cf53%2Cf54%2Cf55%2Cf56%2Cf57%2Cf58%2Cf59%2Cf60%2Cf61&klt=101&fqt=0&beg=20210811&end=20500101&secid=0.000089>
None
2021-08-11 16:17:01 [scrapy.core.engine] DEBUG: Crawled (200) <GET http://push2his.eastmoney.com/api/qt/stock/kline/get?fields1=f1%2Cf2%2Cf3%2Cf4%2Cf5%2Cf6&fields2=f51%2Cf52%2Cf53%2Cf54%2Cf55%2Cf56%2Cf57%2Cf58%2Cf59%2Cf60%2Cf61&klt=101&fqt=0&beg=20210811&end=20500101&secid=0.000088> (referer: http://push2.eastmoney.com/api/qt/clist/get?fs=m%3A0%2Bt%3A6%2Cm%3A0%2Bt%3A80%2Cm%3A1%2Bt%3A2%2Cm%3A1%2Bt%3A23&fields=f12%2Cf14&pn=1&pz=50000)
2021-08-11 16:17:01 [scrapy.core.scraper] DEBUG: Scraped from <200 http://push2his.eastmoney.com/api/qt/stock/kline/get?fields1=f1%2Cf2%2Cf3%2Cf4%2Cf5%2Cf6&fields2=f51%2Cf52%2Cf53%2Cf54%2Cf55%2Cf56%2Cf57%2Cf58%2Cf59%2Cf60%2Cf61&klt=101&fqt=0&beg=20210811&end=20500101&secid=0.000088>
None
2021-08-11 16:17:02 [scrapy.core.engine] DEBUG: Crawled (200) <GET http://push2his.eastmoney.com/api/qt/stock/kline/get?fields1=f1%2Cf2%2Cf3%2Cf4%2Cf5%2Cf6&fields2=f51%2Cf52%2Cf53%2Cf54%2Cf55%2Cf56%2Cf57%2Cf58%2Cf59%2Cf60%2Cf61&klt=101&fqt=0&beg=20210811&end=20500101&secid=0.000078> (referer: http://push2.eastmoney.com/api/qt/clist/get?fs=m%3A0%2Bt%3A6%2Cm%3A0%2Bt%3A80%2Cm%3A1%2Bt%3A2%2Cm%3A1%2Bt%3A23&fields=f12%2Cf14&pn=1&pz=50000)
2021-08-11 16:17:03 [scrapy.core.scraper] DEBUG: Scraped from <200 http://push2his.eastmoney.com/api/qt/stock/kline/get?fields1=f1%2Cf2%2Cf3%2Cf4%2Cf5%2Cf6&fields2=f51%2Cf52%2Cf53%2Cf54%2Cf55%2Cf56%2Cf57%2Cf58%2Cf59%2Cf60%2Cf61&klt=101&fqt=0&beg=20210811&end=20500101&secid=0.000078>
None
2021-08-11 16:17:03 [scrapy.core.engine] DEBUG: Crawled (200) <GET http://push2his.eastmoney.com/api/qt/stock/kline/get?fields1=f1%2Cf2%2Cf3%2Cf4%2Cf5%2Cf6&fields2=f51%2Cf52%2Cf53%2Cf54%2Cf55%2Cf56%2Cf57%2Cf58%2Cf59%2Cf60%2Cf61&klt=101&fqt=0&beg=20210811&end=20500101&secid=0.000070> (referer: http://push2.eastmoney.com/api/qt/clist/get?fs=m%3A0%2Bt%3A6%2Cm%3A0%2Bt%3A80%2Cm%3A1%2Bt%3A2%2Cm%3A1%2Bt%3A23&fields=f12%2Cf14&pn=1&pz=50000)
2021-08-11 16:17:04 [scrapy.core.scraper] DEBUG: Scraped from <200 http://push2his.eastmoney.com/api/qt/stock/kline/get?fields1=f1%2Cf2%2Cf3%2Cf4%2Cf5%2Cf6&fields2=f51%2Cf52%2Cf53%2Cf54%2Cf55%2Cf56%2Cf57%2Cf58%2Cf59%2Cf60%2Cf61&klt=101&fqt=0&beg=20210811&end=20500101&secid=0.000070>
None
2021-08-11 16:17:05 [scrapy.core.engine] DEBUG: Crawled (200) <GET http://push2his.eastmoney.com/api/qt/stock/kline/get?fields1=f1%2Cf2%2Cf3%2Cf4%2Cf5%2Cf6&fields2=f51%2Cf52%2Cf53%2Cf54%2Cf55%2Cf56%2Cf57%2Cf58%2Cf59%2Cf60%2Cf61&klt=101&fqt=0&beg=20210811&end=20500101&secid=0.000069> (referer: http://push2.eastmoney.com/api/qt/clist/get?fs=m%3A0%2Bt%3A6%2Cm%3A0%2Bt%3A80%2Cm%3A1%2Bt%3A2%2Cm%3A1%2Bt%3A23&fields=f12%2Cf14&pn=1&pz=50000)
2021-08-11 16:17:05 [scrapy.core.scraper] DEBUG: Scraped from <200 http://push2his.eastmoney.com/api/qt/stock/kline/get?fields1=f1%2Cf2%2Cf3%2Cf4%2Cf5%2Cf6&fields2=f51%2Cf52%2Cf53%2Cf54%2Cf55%2Cf56%2Cf57%2Cf58%2Cf59%2Cf60%2Cf61&klt=101&fqt=0&beg=20210811&end=20500101&secid=0.000069>
None
2021-08-11 16:17:06 [scrapy.core.engine] DEBUG: Crawled (200) <GET http://push2his.eastmoney.com/api/qt/stock/kline/get?fields1=f1%2Cf2%2Cf3%2Cf4%2Cf5%2Cf6&fields2=f51%2Cf52%2Cf53%2Cf54%2Cf55%2Cf56%2Cf57%2Cf58%2Cf59%2Cf60%2Cf61&klt=101&fqt=0&beg=20210811&end=20500101&secid=0.000068> (referer: http://push2.eastmoney.com/api/qt/clist/get?fs=m%3A0%2Bt%3A6%2Cm%3A0%2Bt%3A80%2Cm%3A1%2Bt%3A2%2Cm%3A1%2Bt%3A23&fields=f12%2Cf14&pn=1&pz=50000)
2021-08-11 16:17:06 [scrapy.core.scraper] DEBUG: Scraped from <200 http://push2his.eastmoney.com/api/qt/stock/kline/get?fields1=f1%2Cf2%2Cf3%2Cf4%2Cf5%2Cf6&fields2=f51%2Cf52%2Cf53%2Cf54%2Cf55%2Cf56%2Cf57%2Cf58%2Cf59%2Cf60%2Cf61&klt=101&fqt=0&beg=20210811&end=20500101&secid=0.000068>
None
2021-08-11 16:17:07 [scrapy.core.engine] DEBUG: Crawled (200) <GET http://push2his.eastmoney.com/api/qt/stock/kline/get?fields1=f1%2Cf2%2Cf3%2Cf4%2Cf5%2Cf6&fields2=f51%2Cf52%2Cf53%2Cf54%2Cf55%2Cf56%2Cf57%2Cf58%2Cf59%2Cf60%2Cf61&klt=101&fqt=0&beg=20210811&end=20500101&secid=0.000066> (referer: http://push2.eastmoney.com/api/qt/clist/get?fs=m%3A0%2Bt%3A6%2Cm%3A0%2Bt%3A80%2Cm%3A1%2Bt%3A2%2Cm%3A1%2Bt%3A23&fields=f12%2Cf14&pn=1&pz=50000)
2021-08-11 16:17:07 [scrapy.core.scraper] DEBUG: Scraped from <200 http://push2his.eastmoney.com/api/qt/stock/kline/get?fields1=f1%2Cf2%2Cf3%2Cf4%2Cf5%2Cf6&fields2=f51%2Cf52%2Cf53%2Cf54%2Cf55%2Cf56%2Cf57%2Cf58%2Cf59%2Cf60%2Cf61&klt=101&fqt=0&beg=20210811&end=20500101&secid=0.000066>
None
2021-08-11 16:17:08 [scrapy.core.engine] DEBUG: Crawled (200) <GET http://push2his.eastmoney.com/api/qt/stock/kline/get?fields1=f1%2Cf2%2Cf3%2Cf4%2Cf5%2Cf6&fields2=f51%2Cf52%2Cf53%2Cf54%2Cf55%2Cf56%2Cf57%2Cf58%2Cf59%2Cf60%2Cf61&klt=101&fqt=0&beg=20210811&end=20500101&secid=0.000065> (referer: http://push2.eastmoney.com/api/qt/clist/get?fs=m%3A0%2Bt%3A6%2Cm%3A0%2Bt%3A80%2Cm%3A1%2Bt%3A2%2Cm%3A1%2Bt%3A23&fields=f12%2Cf14&pn=1&pz=50000)
2021-08-11 16:17:08 [scrapy.core.scraper] DEBUG: Scraped from <200 http://push2his.eastmoney.com/api/qt/stock/kline/get?fields1=f1%2Cf2%2Cf3%2Cf4%2Cf5%2Cf6&fields2=f51%2Cf52%2Cf53%2Cf54%2Cf55%2Cf56%2Cf57%2Cf58%2Cf59%2Cf60%2Cf61&klt=101&fqt=0&beg=20210811&end=20500101&secid=0.000065>
None
2021-08-11 16:17:09 [scrapy.core.engine] DEBUG: Crawled (200) <GET http://push2his.eastmoney.com/api/qt/stock/kline/get?fields1=f1%2Cf2%2Cf3%2Cf4%2Cf5%2Cf6&fields2=f51%2Cf52%2Cf53%2Cf54%2Cf55%2Cf56%2Cf57%2Cf58%2Cf59%2Cf60%2Cf61&klt=101&fqt=0&beg=20210811&end=20500101&secid=0.000063> (referer: http://push2.eastmoney.com/api/qt/clist/get?fs=m%3A0%2Bt%3A6%2Cm%3A0%2Bt%3A80%2Cm%3A1%2Bt%3A2%2Cm%3A1%2Bt%3A23&fields=f12%2Cf14&pn=1&pz=50000)
2021-08-11 16:17:09 [scrapy.core.scraper] DEBUG: Scraped from <200 http://push2his.eastmoney.com/api/qt/stock/kline/get?fields1=f1%2Cf2%2Cf3%2Cf4%2Cf5%2Cf6&fields2=f51%2Cf52%2Cf53%2Cf54%2Cf55%2Cf56%2Cf57%2Cf58%2Cf59%2Cf60%2Cf61&klt=101&fqt=0&beg=20210811&end=20500101&secid=0.000063>
None
2021-08-11 16:17:10 [scrapy.core.engine] DEBUG: Crawled (200) <GET http://push2his.eastmoney.com/api/qt/stock/kline/get?fields1=f1%2Cf2%2Cf3%2Cf4%2Cf5%2Cf6&fields2=f51%2Cf52%2Cf53%2Cf54%2Cf55%2Cf56%2Cf57%2Cf58%2Cf59%2Cf60%2Cf61&klt=101&fqt=0&beg=20210811&end=20500101&secid=0.000062> (referer: http://push2.eastmoney.com/api/qt/clist/get?fs=m%3A0%2Bt%3A6%2Cm%3A0%2Bt%3A80%2Cm%3A1%2Bt%3A2%2Cm%3A1%2Bt%3A23&fields=f12%2Cf14&pn=1&pz=50000)
2021-08-11 16:17:10 [scrapy.core.scraper] DEBUG: Scraped from <200 http://push2his.eastmoney.com/api/qt/stock/kline/get?fields1=f1%2Cf2%2Cf3%2Cf4%2Cf5%2Cf6&fields2=f51%2Cf52%2Cf53%2Cf54%2Cf55%2Cf56%2Cf57%2Cf58%2Cf59%2Cf60%2Cf61&klt=101&fqt=0&beg=20210811&end=20500101&secid=0.000062>
None
2021-08-11 16:17:12 [scrapy.core.engine] DEBUG: Crawled (200) <GET http://push2his.eastmoney.com/api/qt/stock/kline/get?fields1=f1%2Cf2%2Cf3%2Cf4%2Cf5%2Cf6&fields2=f51%2Cf52%2Cf53%2Cf54%2Cf55%2Cf56%2Cf57%2Cf58%2Cf59%2Cf60%2Cf61&klt=101&fqt=0&beg=20210811&end=20500101&secid=0.000061> (referer: http://push2.eastmoney.com/api/qt/clist/get?fs=m%3A0%2Bt%3A6%2Cm%3A0%2Bt%3A80%2Cm%3A1%2Bt%3A2%2Cm%3A1%2Bt%3A23&fields=f12%2Cf14&pn=1&pz=50000)
2021-08-11 16:17:12 [scrapy.core.scraper] DEBUG: Scraped from <200 http://push2his.eastmoney.com/api/qt/stock/kline/get?fields1=f1%2Cf2%2Cf3%2Cf4%2Cf5%2Cf6&fields2=f51%2Cf52%2Cf53%2Cf54%2Cf55%2Cf56%2Cf57%2Cf58%2Cf59%2Cf60%2Cf61&klt=101&fqt=0&beg=20210811&end=20500101&secid=0.000061>
None
2021-08-11 16:17:13 [scrapy.core.engine] DEBUG: Crawled (200) <GET http://push2his.eastmoney.com/api/qt/stock/kline/get?fields1=f1%2Cf2%2Cf3%2Cf4%2Cf5%2Cf6&fields2=f51%2Cf52%2Cf53%2Cf54%2Cf55%2Cf56%2Cf57%2Cf58%2Cf59%2Cf60%2Cf61&klt=101&fqt=0&beg=20210811&end=20500101&secid=0.000060> (referer: http://push2.eastmoney.com/api/qt/clist/get?fs=m%3A0%2Bt%3A6%2Cm%3A0%2Bt%3A80%2Cm%3A1%2Bt%3A2%2Cm%3A1%2Bt%3A23&fields=f12%2Cf14&pn=1&pz=50000)
2021-08-11 16:17:13 [scrapy.core.scraper] DEBUG: Scraped from <200 http://push2his.eastmoney.com/api/qt/stock/kline/get?fields1=f1%2Cf2%2Cf3%2Cf4%2Cf5%2Cf6&fields2=f51%2Cf52%2Cf53%2Cf54%2Cf55%2Cf56%2Cf57%2Cf58%2Cf59%2Cf60%2Cf61&klt=101&fqt=0&beg=20210811&end=20500101&secid=0.000060>
None
2021-08-11 16:17:14 [scrapy.core.engine] DEBUG: Crawled (200) <GET http://push2his.eastmoney.com/api/qt/stock/kline/get?fields1=f1%2Cf2%2Cf3%2Cf4%2Cf5%2Cf6&fields2=f51%2Cf52%2Cf53%2Cf54%2Cf55%2Cf56%2Cf57%2Cf58%2Cf59%2Cf60%2Cf61&klt=101&fqt=0&beg=20210811&end=20500101&secid=0.000059> (referer: http://push2.eastmoney.com/api/qt/clist/get?fs=m%3A0%2Bt%3A6%2Cm%3A0%2Bt%3A80%2Cm%3A1%2Bt%3A2%2Cm%3A1%2Bt%3A23&fields=f12%2Cf14&pn=1&pz=50000)
2021-08-11 16:17:15 [scrapy.core.scraper] DEBUG: Scraped from <200 http://push2his.eastmoney.com/api/qt/stock/kline/get?fields1=f1%2Cf2%2Cf3%2Cf4%2Cf5%2Cf6&fields2=f51%2Cf52%2Cf53%2Cf54%2Cf55%2Cf56%2Cf57%2Cf58%2Cf59%2Cf60%2Cf61&klt=101&fqt=0&beg=20210811&end=20500101&secid=0.000059>
None
2021-08-11 16:17:16 [scrapy.core.engine] DEBUG: Crawled (200) <GET http://push2his.eastmoney.com/api/qt/stock/kline/get?fields1=f1%2Cf2%2Cf3%2Cf4%2Cf5%2Cf6&fields2=f51%2Cf52%2Cf53%2Cf54%2Cf55%2Cf56%2Cf57%2Cf58%2Cf59%2Cf60%2Cf61&klt=101&fqt=0&beg=20210811&end=20500101&secid=0.000058> (referer: http://push2.eastmoney.com/api/qt/clist/get?fs=m%3A0%2Bt%3A6%2Cm%3A0%2Bt%3A80%2Cm%3A1%2Bt%3A2%2Cm%3A1%2Bt%3A23&fields=f12%2Cf14&pn=1&pz=50000)
2021-08-11 16:17:16 [scrapy.core.scraper] DEBUG: Scraped from <200 http://push2his.eastmoney.com/api/qt/stock/kline/get?fields1=f1%2Cf2%2Cf3%2Cf4%2Cf5%2Cf6&fields2=f51%2Cf52%2Cf53%2Cf54%2Cf55%2Cf56%2Cf57%2Cf58%2Cf59%2Cf60%2Cf61&klt=101&fqt=0&beg=20210811&end=20500101&secid=0.000058>
None
2021-08-11 16:17:17 [scrapy.core.engine] DEBUG: Crawled (200) <GET http://push2his.eastmoney.com/api/qt/stock/kline/get?fields1=f1%2Cf2%2Cf3%2Cf4%2Cf5%2Cf6&fields2=f51%2Cf52%2Cf53%2Cf54%2Cf55%2Cf56%2Cf57%2Cf58%2Cf59%2Cf60%2Cf61&klt=101&fqt=0&beg=20210811&end=20500101&secid=0.000056> (referer: http://push2.eastmoney.com/api/qt/clist/get?fs=m%3A0%2Bt%3A6%2Cm%3A0%2Bt%3A80%2Cm%3A1%2Bt%3A2%2Cm%3A1%2Bt%3A23&fields=f12%2Cf14&pn=1&pz=50000)
2021-08-11 16:17:17 [scrapy.core.scraper] DEBUG: Scraped from <200 http://push2his.eastmoney.com/api/qt/stock/kline/get?fields1=f1%2Cf2%2Cf3%2Cf4%2Cf5%2Cf6&fields2=f51%2Cf52%2Cf53%2Cf54%2Cf55%2Cf56%2Cf57%2Cf58%2Cf59%2Cf60%2Cf61&klt=101&fqt=0&beg=20210811&end=20500101&secid=0.000056>
None
2021-08-11 16:17:18 [scrapy.core.engine] DEBUG: Crawled (200) <GET http://push2his.eastmoney.com/api/qt/stock/kline/get?fields1=f1%2Cf2%2Cf3%2Cf4%2Cf5%2Cf6&fields2=f51%2Cf52%2Cf53%2Cf54%2Cf55%2Cf56%2Cf57%2Cf58%2Cf59%2Cf60%2Cf61&klt=101&fqt=0&beg=20210811&end=20500101&secid=0.002166> (referer: http://push2.eastmoney.com/api/qt/clist/get?fs=m%3A0%2Bt%3A6%2Cm%3A0%2Bt%3A80%2Cm%3A1%2Bt%3A2%2Cm%3A1%2Bt%3A23&fields=f12%2Cf14&pn=1&pz=50000)
2021-08-11 16:17:19 [scrapy.core.scraper] DEBUG: Scraped from <200 http://push2his.eastmoney.com/api/qt/stock/kline/get?fields1=f1%2Cf2%2Cf3%2Cf4%2Cf5%2Cf6&fields2=f51%2Cf52%2Cf53%2Cf54%2Cf55%2Cf56%2Cf57%2Cf58%2Cf59%2Cf60%2Cf61&klt=101&fqt=0&beg=20210811&end=20500101&secid=0.002166>
None
2021-08-11 16:17:20 [scrapy.core.engine] DEBUG: Crawled (200) <GET http://push2his.eastmoney.com/api/qt/stock/kline/get?fields1=f1%2Cf2%2Cf3%2Cf4%2Cf5%2Cf6&fields2=f51%2Cf52%2Cf53%2Cf54%2Cf55%2Cf56%2Cf57%2Cf58%2Cf59%2Cf60%2Cf61&klt=101&fqt=0&beg=20210811&end=20500101&secid=1.689009> (referer: http://push2.eastmoney.com/api/qt/clist/get?fs=m%3A0%2Bt%3A6%2Cm%3A0%2Bt%3A80%2Cm%3A1%2Bt%3A2%2Cm%3A1%2Bt%3A23&fields=f12%2Cf14&pn=1&pz=50000)
2021-08-11 16:17:20 [scrapy.core.scraper] DEBUG: Scraped from <200 http://push2his.eastmoney.com/api/qt/stock/kline/get?fields1=f1%2Cf2%2Cf3%2Cf4%2Cf5%2Cf6&fields2=f51%2Cf52%2Cf53%2Cf54%2Cf55%2Cf56%2Cf57%2Cf58%2Cf59%2Cf60%2Cf61&klt=101&fqt=0&beg=20210811&end=20500101&secid=1.689009>
None
2021-08-11 16:17:20 [scrapy.core.engine] DEBUG: Crawled (200) <GET http://push2his.eastmoney.com/api/qt/stock/kline/get?fields1=f1%2Cf2%2Cf3%2Cf4%2Cf5%2Cf6&fields2=f51%2Cf52%2Cf53%2Cf54%2Cf55%2Cf56%2Cf57%2Cf58%2Cf59%2Cf60%2Cf61&klt=101&fqt=0&beg=20210811&end=20500101&secid=1.688981> (referer: http://push2.eastmoney.com/api/qt/clist/get?fs=m%3A0%2Bt%3A6%2Cm%3A0%2Bt%3A80%2Cm%3A1%2Bt%3A2%2Cm%3A1%2Bt%3A23&fields=f12%2Cf14&pn=1&pz=50000)
2021-08-11 16:17:21 [scrapy.core.scraper] DEBUG: Scraped from <200 http://push2his.eastmoney.com/api/qt/stock/kline/get?fields1=f1%2Cf2%2Cf3%2Cf4%2Cf5%2Cf6&fields2=f51%2Cf52%2Cf53%2Cf54%2Cf55%2Cf56%2Cf57%2Cf58%2Cf59%2Cf60%2Cf61&klt=101&fqt=0&beg=20210811&end=20500101&secid=1.688981>
None
2021-08-11 16:17:22 [scrapy.core.engine] DEBUG: Crawled (200) <GET http://push2his.eastmoney.com/api/qt/stock/kline/get?fields1=f1%2Cf2%2Cf3%2Cf4%2Cf5%2Cf6&fields2=f51%2Cf52%2Cf53%2Cf54%2Cf55%2Cf56%2Cf57%2Cf58%2Cf59%2Cf60%2Cf61&klt=101&fqt=0&beg=20210811&end=20500101&secid=1.688819> (referer: http://push2.eastmoney.com/api/qt/clist/get?fs=m%3A0%2Bt%3A6%2Cm%3A0%2Bt%3A80%2Cm%3A1%2Bt%3A2%2Cm%3A1%2Bt%3A23&fields=f12%2Cf14&pn=1&pz=50000)
