2021-08-30 21:40:01 [scrapy.middleware] INFO: Enabled extensions:
['scrapy.extensions.corestats.CoreStats',
 'scrapy.extensions.memusage.MemoryUsage',
 'scrapy.extensions.logstats.LogStats',
 'scrapy.extensions.throttle.AutoThrottle',
 'tutorial.extensions.StatsMailer',
 'tutorial.extensions.CoreStats']
2021-08-30 21:40:01 [scrapy.middleware] INFO: Enabled downloader middlewares:
['scrapy.downloadermiddlewares.httpauth.HttpAuthMiddleware',
 'scrapy.downloadermiddlewares.downloadtimeout.DownloadTimeoutMiddleware',
 'scrapy.downloadermiddlewares.defaultheaders.DefaultHeadersMiddleware',
 'tutorial.middlewares.UserAgentMiddleware',
 'tutorial.middlewares.RetryMiddleware',
 'scrapy.downloadermiddlewares.redirect.MetaRefreshMiddleware',
 'scrapy.downloadermiddlewares.httpcompression.HttpCompressionMiddleware',
 'scrapy.downloadermiddlewares.stats.DownloaderStats']
2021-08-30 21:40:01 [scrapy.middleware] INFO: Enabled spider middlewares:
['tutorial.middlewares.ErrorSpiderMiddleware',
 'scrapy.spidermiddlewares.offsite.OffsiteMiddleware',
 'scrapy.spidermiddlewares.referer.RefererMiddleware',
 'scrapy.spidermiddlewares.urllength.UrlLengthMiddleware',
 'scrapy.spidermiddlewares.depth.DepthMiddleware']
2021-08-30 21:40:02 [scrapy.middleware] INFO: Enabled item pipelines:
['tutorial.pipelines.BasicsPipeline',
 'tutorial.pipelines.AlignPipeline',
 'tutorial.pipelines.DbPipeline']
2021-08-30 21:40:02 [scrapy.core.engine] INFO: Spider opened
2021-08-30 21:40:02 [scrapy.extensions.logstats] INFO: Crawled 0 pages (at 0 pages/min), scraped 0 items (at 0 items/min)
2021-08-30 21:40:02 [scrapy.core.engine] DEBUG: Crawled (200) <GET http://push2.eastmoney.com/api/qt/clist/get?fs=m%3A0%2Bt%3A6%2Cm%3A0%2Bt%3A80%2Cm%3A1%2Bt%3A2%2Cm%3A1%2Bt%3A23&fields=f12%2Cf14&pn=1&pz=50000> (referer: None)
2021-08-30 21:40:07 [scrapy.core.scraper] DEBUG: Scraped from <200 http://push2.eastmoney.com/api/qt/clist/get?fs=m%3A0%2Bt%3A6%2Cm%3A0%2Bt%3A80%2Cm%3A1%2Bt%3A2%2Cm%3A1%2Bt%3A23&fields=f12%2Cf14&pn=1&pz=50000>
None
2021-08-30 21:40:07 [scrapy.core.engine] DEBUG: Crawled (200) <GET http://push2his.eastmoney.com/api/qt/stock/kline/get?fields1=f1%2Cf2%2Cf3%2Cf4%2Cf5%2Cf6&fields2=f51%2Cf52%2Cf53%2Cf54%2Cf55%2Cf56%2Cf57%2Cf58%2Cf59%2Cf60%2Cf61&klt=101&fqt=0&beg=20210830&end=20500101&secid=0.000157> (referer: http://push2.eastmoney.com/api/qt/clist/get?fs=m%3A0%2Bt%3A6%2Cm%3A0%2Bt%3A80%2Cm%3A1%2Bt%3A2%2Cm%3A1%2Bt%3A23&fields=f12%2Cf14&pn=1&pz=50000)
2021-08-30 21:40:08 [scrapy.core.scraper] DEBUG: Scraped from <200 http://push2his.eastmoney.com/api/qt/stock/kline/get?fields1=f1%2Cf2%2Cf3%2Cf4%2Cf5%2Cf6&fields2=f51%2Cf52%2Cf53%2Cf54%2Cf55%2Cf56%2Cf57%2Cf58%2Cf59%2Cf60%2Cf61&klt=101&fqt=0&beg=20210830&end=20500101&secid=0.000157>
None
2021-08-30 21:40:08 [scrapy.core.engine] DEBUG: Crawled (200) <GET http://push2his.eastmoney.com/api/qt/stock/kline/get?fields1=f1%2Cf2%2Cf3%2Cf4%2Cf5%2Cf6&fields2=f51%2Cf52%2Cf53%2Cf54%2Cf55%2Cf56%2Cf57%2Cf58%2Cf59%2Cf60%2Cf61&klt=101&fqt=0&beg=20210830&end=20500101&secid=0.000156> (referer: http://push2.eastmoney.com/api/qt/clist/get?fs=m%3A0%2Bt%3A6%2Cm%3A0%2Bt%3A80%2Cm%3A1%2Bt%3A2%2Cm%3A1%2Bt%3A23&fields=f12%2Cf14&pn=1&pz=50000)
2021-08-30 21:40:08 [scrapy.core.scraper] DEBUG: Scraped from <200 http://push2his.eastmoney.com/api/qt/stock/kline/get?fields1=f1%2Cf2%2Cf3%2Cf4%2Cf5%2Cf6&fields2=f51%2Cf52%2Cf53%2Cf54%2Cf55%2Cf56%2Cf57%2Cf58%2Cf59%2Cf60%2Cf61&klt=101&fqt=0&beg=20210830&end=20500101&secid=0.000156>
None
2021-08-30 21:40:09 [scrapy.core.engine] DEBUG: Crawled (200) <GET http://push2his.eastmoney.com/api/qt/stock/kline/get?fields1=f1%2Cf2%2Cf3%2Cf4%2Cf5%2Cf6&fields2=f51%2Cf52%2Cf53%2Cf54%2Cf55%2Cf56%2Cf57%2Cf58%2Cf59%2Cf60%2Cf61&klt=101&fqt=0&beg=20210830&end=20500101&secid=0.000155> (referer: http://push2.eastmoney.com/api/qt/clist/get?fs=m%3A0%2Bt%3A6%2Cm%3A0%2Bt%3A80%2Cm%3A1%2Bt%3A2%2Cm%3A1%2Bt%3A23&fields=f12%2Cf14&pn=1&pz=50000)
2021-08-30 21:40:10 [scrapy.core.scraper] DEBUG: Scraped from <200 http://push2his.eastmoney.com/api/qt/stock/kline/get?fields1=f1%2Cf2%2Cf3%2Cf4%2Cf5%2Cf6&fields2=f51%2Cf52%2Cf53%2Cf54%2Cf55%2Cf56%2Cf57%2Cf58%2Cf59%2Cf60%2Cf61&klt=101&fqt=0&beg=20210830&end=20500101&secid=0.000155>
None
2021-08-30 21:40:11 [scrapy.core.engine] DEBUG: Crawled (200) <GET http://push2his.eastmoney.com/api/qt/stock/kline/get?fields1=f1%2Cf2%2Cf3%2Cf4%2Cf5%2Cf6&fields2=f51%2Cf52%2Cf53%2Cf54%2Cf55%2Cf56%2Cf57%2Cf58%2Cf59%2Cf60%2Cf61&klt=101&fqt=0&beg=20210830&end=20500101&secid=0.000153> (referer: http://push2.eastmoney.com/api/qt/clist/get?fs=m%3A0%2Bt%3A6%2Cm%3A0%2Bt%3A80%2Cm%3A1%2Bt%3A2%2Cm%3A1%2Bt%3A23&fields=f12%2Cf14&pn=1&pz=50000)
2021-08-30 21:40:11 [scrapy.core.scraper] DEBUG: Scraped from <200 http://push2his.eastmoney.com/api/qt/stock/kline/get?fields1=f1%2Cf2%2Cf3%2Cf4%2Cf5%2Cf6&fields2=f51%2Cf52%2Cf53%2Cf54%2Cf55%2Cf56%2Cf57%2Cf58%2Cf59%2Cf60%2Cf61&klt=101&fqt=0&beg=20210830&end=20500101&secid=0.000153>
None
2021-08-30 21:40:12 [scrapy.core.engine] DEBUG: Crawled (200) <GET http://push2his.eastmoney.com/api/qt/stock/kline/get?fields1=f1%2Cf2%2Cf3%2Cf4%2Cf5%2Cf6&fields2=f51%2Cf52%2Cf53%2Cf54%2Cf55%2Cf56%2Cf57%2Cf58%2Cf59%2Cf60%2Cf61&klt=101&fqt=0&beg=20210830&end=20500101&secid=0.000151> (referer: http://push2.eastmoney.com/api/qt/clist/get?fs=m%3A0%2Bt%3A6%2Cm%3A0%2Bt%3A80%2Cm%3A1%2Bt%3A2%2Cm%3A1%2Bt%3A23&fields=f12%2Cf14&pn=1&pz=50000)
2021-08-30 21:40:12 [scrapy.core.scraper] DEBUG: Scraped from <200 http://push2his.eastmoney.com/api/qt/stock/kline/get?fields1=f1%2Cf2%2Cf3%2Cf4%2Cf5%2Cf6&fields2=f51%2Cf52%2Cf53%2Cf54%2Cf55%2Cf56%2Cf57%2Cf58%2Cf59%2Cf60%2Cf61&klt=101&fqt=0&beg=20210830&end=20500101&secid=0.000151>
None
2021-08-30 21:40:13 [scrapy.core.engine] DEBUG: Crawled (200) <GET http://push2his.eastmoney.com/api/qt/stock/kline/get?fields1=f1%2Cf2%2Cf3%2Cf4%2Cf5%2Cf6&fields2=f51%2Cf52%2Cf53%2Cf54%2Cf55%2Cf56%2Cf57%2Cf58%2Cf59%2Cf60%2Cf61&klt=101&fqt=0&beg=20210830&end=20500101&secid=0.000150> (referer: http://push2.eastmoney.com/api/qt/clist/get?fs=m%3A0%2Bt%3A6%2Cm%3A0%2Bt%3A80%2Cm%3A1%2Bt%3A2%2Cm%3A1%2Bt%3A23&fields=f12%2Cf14&pn=1&pz=50000)
2021-08-30 21:40:13 [scrapy.core.scraper] DEBUG: Scraped from <200 http://push2his.eastmoney.com/api/qt/stock/kline/get?fields1=f1%2Cf2%2Cf3%2Cf4%2Cf5%2Cf6&fields2=f51%2Cf52%2Cf53%2Cf54%2Cf55%2Cf56%2Cf57%2Cf58%2Cf59%2Cf60%2Cf61&klt=101&fqt=0&beg=20210830&end=20500101&secid=0.000150>
None
2021-08-30 21:40:14 [scrapy.core.engine] DEBUG: Crawled (200) <GET http://push2his.eastmoney.com/api/qt/stock/kline/get?fields1=f1%2Cf2%2Cf3%2Cf4%2Cf5%2Cf6&fields2=f51%2Cf52%2Cf53%2Cf54%2Cf55%2Cf56%2Cf57%2Cf58%2Cf59%2Cf60%2Cf61&klt=101&fqt=0&beg=20210830&end=20500101&secid=0.000100> (referer: http://push2.eastmoney.com/api/qt/clist/get?fs=m%3A0%2Bt%3A6%2Cm%3A0%2Bt%3A80%2Cm%3A1%2Bt%3A2%2Cm%3A1%2Bt%3A23&fields=f12%2Cf14&pn=1&pz=50000)
2021-08-30 21:40:14 [scrapy.core.scraper] DEBUG: Scraped from <200 http://push2his.eastmoney.com/api/qt/stock/kline/get?fields1=f1%2Cf2%2Cf3%2Cf4%2Cf5%2Cf6&fields2=f51%2Cf52%2Cf53%2Cf54%2Cf55%2Cf56%2Cf57%2Cf58%2Cf59%2Cf60%2Cf61&klt=101&fqt=0&beg=20210830&end=20500101&secid=0.000100>
None
2021-08-30 21:40:15 [scrapy.core.engine] DEBUG: Crawled (200) <GET http://push2his.eastmoney.com/api/qt/stock/kline/get?fields1=f1%2Cf2%2Cf3%2Cf4%2Cf5%2Cf6&fields2=f51%2Cf52%2Cf53%2Cf54%2Cf55%2Cf56%2Cf57%2Cf58%2Cf59%2Cf60%2Cf61&klt=101&fqt=0&beg=20210830&end=20500101&secid=0.000099> (referer: http://push2.eastmoney.com/api/qt/clist/get?fs=m%3A0%2Bt%3A6%2Cm%3A0%2Bt%3A80%2Cm%3A1%2Bt%3A2%2Cm%3A1%2Bt%3A23&fields=f12%2Cf14&pn=1&pz=50000)
2021-08-30 21:40:16 [scrapy.core.scraper] DEBUG: Scraped from <200 http://push2his.eastmoney.com/api/qt/stock/kline/get?fields1=f1%2Cf2%2Cf3%2Cf4%2Cf5%2Cf6&fields2=f51%2Cf52%2Cf53%2Cf54%2Cf55%2Cf56%2Cf57%2Cf58%2Cf59%2Cf60%2Cf61&klt=101&fqt=0&beg=20210830&end=20500101&secid=0.000099>
None
2021-08-30 21:40:16 [scrapy.core.engine] DEBUG: Crawled (200) <GET http://push2his.eastmoney.com/api/qt/stock/kline/get?fields1=f1%2Cf2%2Cf3%2Cf4%2Cf5%2Cf6&fields2=f51%2Cf52%2Cf53%2Cf54%2Cf55%2Cf56%2Cf57%2Cf58%2Cf59%2Cf60%2Cf61&klt=101&fqt=0&beg=20210830&end=20500101&secid=0.000096> (referer: http://push2.eastmoney.com/api/qt/clist/get?fs=m%3A0%2Bt%3A6%2Cm%3A0%2Bt%3A80%2Cm%3A1%2Bt%3A2%2Cm%3A1%2Bt%3A23&fields=f12%2Cf14&pn=1&pz=50000)
2021-08-30 21:40:17 [scrapy.core.scraper] DEBUG: Scraped from <200 http://push2his.eastmoney.com/api/qt/stock/kline/get?fields1=f1%2Cf2%2Cf3%2Cf4%2Cf5%2Cf6&fields2=f51%2Cf52%2Cf53%2Cf54%2Cf55%2Cf56%2Cf57%2Cf58%2Cf59%2Cf60%2Cf61&klt=101&fqt=0&beg=20210830&end=20500101&secid=0.000096>
None
2021-08-30 21:40:17 [scrapy.core.engine] DEBUG: Crawled (200) <GET http://push2his.eastmoney.com/api/qt/stock/kline/get?fields1=f1%2Cf2%2Cf3%2Cf4%2Cf5%2Cf6&fields2=f51%2Cf52%2Cf53%2Cf54%2Cf55%2Cf56%2Cf57%2Cf58%2Cf59%2Cf60%2Cf61&klt=101&fqt=0&beg=20210830&end=20500101&secid=0.000090> (referer: http://push2.eastmoney.com/api/qt/clist/get?fs=m%3A0%2Bt%3A6%2Cm%3A0%2Bt%3A80%2Cm%3A1%2Bt%3A2%2Cm%3A1%2Bt%3A23&fields=f12%2Cf14&pn=1&pz=50000)
2021-08-30 21:40:17 [scrapy.core.scraper] DEBUG: Scraped from <200 http://push2his.eastmoney.com/api/qt/stock/kline/get?fields1=f1%2Cf2%2Cf3%2Cf4%2Cf5%2Cf6&fields2=f51%2Cf52%2Cf53%2Cf54%2Cf55%2Cf56%2Cf57%2Cf58%2Cf59%2Cf60%2Cf61&klt=101&fqt=0&beg=20210830&end=20500101&secid=0.000090>
None
2021-08-30 21:40:18 [scrapy.core.engine] DEBUG: Crawled (200) <GET http://push2his.eastmoney.com/api/qt/stock/kline/get?fields1=f1%2Cf2%2Cf3%2Cf4%2Cf5%2Cf6&fields2=f51%2Cf52%2Cf53%2Cf54%2Cf55%2Cf56%2Cf57%2Cf58%2Cf59%2Cf60%2Cf61&klt=101&fqt=0&beg=20210830&end=20500101&secid=0.000089> (referer: http://push2.eastmoney.com/api/qt/clist/get?fs=m%3A0%2Bt%3A6%2Cm%3A0%2Bt%3A80%2Cm%3A1%2Bt%3A2%2Cm%3A1%2Bt%3A23&fields=f12%2Cf14&pn=1&pz=50000)
2021-08-30 21:40:18 [scrapy.core.scraper] DEBUG: Scraped from <200 http://push2his.eastmoney.com/api/qt/stock/kline/get?fields1=f1%2Cf2%2Cf3%2Cf4%2Cf5%2Cf6&fields2=f51%2Cf52%2Cf53%2Cf54%2Cf55%2Cf56%2Cf57%2Cf58%2Cf59%2Cf60%2Cf61&klt=101&fqt=0&beg=20210830&end=20500101&secid=0.000089>
None
2021-08-30 21:40:20 [scrapy.core.engine] DEBUG: Crawled (200) <GET http://push2his.eastmoney.com/api/qt/stock/kline/get?fields1=f1%2Cf2%2Cf3%2Cf4%2Cf5%2Cf6&fields2=f51%2Cf52%2Cf53%2Cf54%2Cf55%2Cf56%2Cf57%2Cf58%2Cf59%2Cf60%2Cf61&klt=101&fqt=0&beg=20210830&end=20500101&secid=0.000088> (referer: http://push2.eastmoney.com/api/qt/clist/get?fs=m%3A0%2Bt%3A6%2Cm%3A0%2Bt%3A80%2Cm%3A1%2Bt%3A2%2Cm%3A1%2Bt%3A23&fields=f12%2Cf14&pn=1&pz=50000)
2021-08-30 21:40:20 [scrapy.core.scraper] DEBUG: Scraped from <200 http://push2his.eastmoney.com/api/qt/stock/kline/get?fields1=f1%2Cf2%2Cf3%2Cf4%2Cf5%2Cf6&fields2=f51%2Cf52%2Cf53%2Cf54%2Cf55%2Cf56%2Cf57%2Cf58%2Cf59%2Cf60%2Cf61&klt=101&fqt=0&beg=20210830&end=20500101&secid=0.000088>
None
2021-08-30 21:40:21 [scrapy.core.engine] DEBUG: Crawled (200) <GET http://push2his.eastmoney.com/api/qt/stock/kline/get?fields1=f1%2Cf2%2Cf3%2Cf4%2Cf5%2Cf6&fields2=f51%2Cf52%2Cf53%2Cf54%2Cf55%2Cf56%2Cf57%2Cf58%2Cf59%2Cf60%2Cf61&klt=101&fqt=0&beg=20210830&end=20500101&secid=0.000078> (referer: http://push2.eastmoney.com/api/qt/clist/get?fs=m%3A0%2Bt%3A6%2Cm%3A0%2Bt%3A80%2Cm%3A1%2Bt%3A2%2Cm%3A1%2Bt%3A23&fields=f12%2Cf14&pn=1&pz=50000)
2021-08-30 21:40:21 [scrapy.core.scraper] DEBUG: Scraped from <200 http://push2his.eastmoney.com/api/qt/stock/kline/get?fields1=f1%2Cf2%2Cf3%2Cf4%2Cf5%2Cf6&fields2=f51%2Cf52%2Cf53%2Cf54%2Cf55%2Cf56%2Cf57%2Cf58%2Cf59%2Cf60%2Cf61&klt=101&fqt=0&beg=20210830&end=20500101&secid=0.000078>
None
2021-08-30 21:40:22 [scrapy.core.engine] DEBUG: Crawled (200) <GET http://push2his.eastmoney.com/api/qt/stock/kline/get?fields1=f1%2Cf2%2Cf3%2Cf4%2Cf5%2Cf6&fields2=f51%2Cf52%2Cf53%2Cf54%2Cf55%2Cf56%2Cf57%2Cf58%2Cf59%2Cf60%2Cf61&klt=101&fqt=0&beg=20210830&end=20500101&secid=0.000070> (referer: http://push2.eastmoney.com/api/qt/clist/get?fs=m%3A0%2Bt%3A6%2Cm%3A0%2Bt%3A80%2Cm%3A1%2Bt%3A2%2Cm%3A1%2Bt%3A23&fields=f12%2Cf14&pn=1&pz=50000)
2021-08-30 21:40:22 [scrapy.core.scraper] DEBUG: Scraped from <200 http://push2his.eastmoney.com/api/qt/stock/kline/get?fields1=f1%2Cf2%2Cf3%2Cf4%2Cf5%2Cf6&fields2=f51%2Cf52%2Cf53%2Cf54%2Cf55%2Cf56%2Cf57%2Cf58%2Cf59%2Cf60%2Cf61&klt=101&fqt=0&beg=20210830&end=20500101&secid=0.000070>
None
2021-08-30 21:40:24 [scrapy.core.engine] DEBUG: Crawled (200) <GET http://push2his.eastmoney.com/api/qt/stock/kline/get?fields1=f1%2Cf2%2Cf3%2Cf4%2Cf5%2Cf6&fields2=f51%2Cf52%2Cf53%2Cf54%2Cf55%2Cf56%2Cf57%2Cf58%2Cf59%2Cf60%2Cf61&klt=101&fqt=0&beg=20210830&end=20500101&secid=0.000069> (referer: http://push2.eastmoney.com/api/qt/clist/get?fs=m%3A0%2Bt%3A6%2Cm%3A0%2Bt%3A80%2Cm%3A1%2Bt%3A2%2Cm%3A1%2Bt%3A23&fields=f12%2Cf14&pn=1&pz=50000)
2021-08-30 21:40:24 [scrapy.core.scraper] DEBUG: Scraped from <200 http://push2his.eastmoney.com/api/qt/stock/kline/get?fields1=f1%2Cf2%2Cf3%2Cf4%2Cf5%2Cf6&fields2=f51%2Cf52%2Cf53%2Cf54%2Cf55%2Cf56%2Cf57%2Cf58%2Cf59%2Cf60%2Cf61&klt=101&fqt=0&beg=20210830&end=20500101&secid=0.000069>
None
2021-08-30 21:40:25 [scrapy.core.engine] DEBUG: Crawled (200) <GET http://push2his.eastmoney.com/api/qt/stock/kline/get?fields1=f1%2Cf2%2Cf3%2Cf4%2Cf5%2Cf6&fields2=f51%2Cf52%2Cf53%2Cf54%2Cf55%2Cf56%2Cf57%2Cf58%2Cf59%2Cf60%2Cf61&klt=101&fqt=0&beg=20210830&end=20500101&secid=0.000068> (referer: http://push2.eastmoney.com/api/qt/clist/get?fs=m%3A0%2Bt%3A6%2Cm%3A0%2Bt%3A80%2Cm%3A1%2Bt%3A2%2Cm%3A1%2Bt%3A23&fields=f12%2Cf14&pn=1&pz=50000)
2021-08-30 21:40:25 [scrapy.core.scraper] DEBUG: Scraped from <200 http://push2his.eastmoney.com/api/qt/stock/kline/get?fields1=f1%2Cf2%2Cf3%2Cf4%2Cf5%2Cf6&fields2=f51%2Cf52%2Cf53%2Cf54%2Cf55%2Cf56%2Cf57%2Cf58%2Cf59%2Cf60%2Cf61&klt=101&fqt=0&beg=20210830&end=20500101&secid=0.000068>
None
2021-08-30 21:40:26 [scrapy.core.engine] DEBUG: Crawled (200) <GET http://push2his.eastmoney.com/api/qt/stock/kline/get?fields1=f1%2Cf2%2Cf3%2Cf4%2Cf5%2Cf6&fields2=f51%2Cf52%2Cf53%2Cf54%2Cf55%2Cf56%2Cf57%2Cf58%2Cf59%2Cf60%2Cf61&klt=101&fqt=0&beg=20210830&end=20500101&secid=0.002766> (referer: http://push2.eastmoney.com/api/qt/clist/get?fs=m%3A0%2Bt%3A6%2Cm%3A0%2Bt%3A80%2Cm%3A1%2Bt%3A2%2Cm%3A1%2Bt%3A23&fields=f12%2Cf14&pn=1&pz=50000)
2021-08-30 21:40:26 [scrapy.core.scraper] DEBUG: Scraped from <200 http://push2his.eastmoney.com/api/qt/stock/kline/get?fields1=f1%2Cf2%2Cf3%2Cf4%2Cf5%2Cf6&fields2=f51%2Cf52%2Cf53%2Cf54%2Cf55%2Cf56%2Cf57%2Cf58%2Cf59%2Cf60%2Cf61&klt=101&fqt=0&beg=20210830&end=20500101&secid=0.002766>
None
2021-08-30 21:40:27 [scrapy.core.engine] DEBUG: Crawled (200) <GET http://push2his.eastmoney.com/api/qt/stock/kline/get?fields1=f1%2Cf2%2Cf3%2Cf4%2Cf5%2Cf6&fields2=f51%2Cf52%2Cf53%2Cf54%2Cf55%2Cf56%2Cf57%2Cf58%2Cf59%2Cf60%2Cf61&klt=101&fqt=0&beg=20210830&end=20500101&secid=1.689009> (referer: http://push2.eastmoney.com/api/qt/clist/get?fs=m%3A0%2Bt%3A6%2Cm%3A0%2Bt%3A80%2Cm%3A1%2Bt%3A2%2Cm%3A1%2Bt%3A23&fields=f12%2Cf14&pn=1&pz=50000)
2021-08-30 21:40:27 [scrapy.core.scraper] DEBUG: Scraped from <200 http://push2his.eastmoney.com/api/qt/stock/kline/get?fields1=f1%2Cf2%2Cf3%2Cf4%2Cf5%2Cf6&fields2=f51%2Cf52%2Cf53%2Cf54%2Cf55%2Cf56%2Cf57%2Cf58%2Cf59%2Cf60%2Cf61&klt=101&fqt=0&beg=20210830&end=20500101&secid=1.689009>
None
2021-08-30 21:40:28 [scrapy.core.engine] DEBUG: Crawled (200) <GET http://push2his.eastmoney.com/api/qt/stock/kline/get?fields1=f1%2Cf2%2Cf3%2Cf4%2Cf5%2Cf6&fields2=f51%2Cf52%2Cf53%2Cf54%2Cf55%2Cf56%2Cf57%2Cf58%2Cf59%2Cf60%2Cf61&klt=101&fqt=0&beg=20210830&end=20500101&secid=1.688981> (referer: http://push2.eastmoney.com/api/qt/clist/get?fs=m%3A0%2Bt%3A6%2Cm%3A0%2Bt%3A80%2Cm%3A1%2Bt%3A2%2Cm%3A1%2Bt%3A23&fields=f12%2Cf14&pn=1&pz=50000)
2021-08-30 21:40:29 [scrapy.core.scraper] DEBUG: Scraped from <200 http://push2his.eastmoney.com/api/qt/stock/kline/get?fields1=f1%2Cf2%2Cf3%2Cf4%2Cf5%2Cf6&fields2=f51%2Cf52%2Cf53%2Cf54%2Cf55%2Cf56%2Cf57%2Cf58%2Cf59%2Cf60%2Cf61&klt=101&fqt=0&beg=20210830&end=20500101&secid=1.688981>
None
2021-08-30 21:40:30 [scrapy.core.engine] DEBUG: Crawled (200) <GET http://push2his.eastmoney.com/api/qt/stock/kline/get?fields1=f1%2Cf2%2Cf3%2Cf4%2Cf5%2Cf6&fields2=f51%2Cf52%2Cf53%2Cf54%2Cf55%2Cf56%2Cf57%2Cf58%2Cf59%2Cf60%2Cf61&klt=101&fqt=0&beg=20210830&end=20500101&secid=1.688819> (referer: http://push2.eastmoney.com/api/qt/clist/get?fs=m%3A0%2Bt%3A6%2Cm%3A0%2Bt%3A80%2Cm%3A1%2Bt%3A2%2Cm%3A1%2Bt%3A23&fields=f12%2Cf14&pn=1&pz=50000)
2021-08-30 21:40:30 [scrapy.core.scraper] DEBUG: Scraped from <200 http://push2his.eastmoney.com/api/qt/stock/kline/get?fields1=f1%2Cf2%2Cf3%2Cf4%2Cf5%2Cf6&fields2=f51%2Cf52%2Cf53%2Cf54%2Cf55%2Cf56%2Cf57%2Cf58%2Cf59%2Cf60%2Cf61&klt=101&fqt=0&beg=20210830&end=20500101&secid=1.688819>
None
2021-08-30 21:40:31 [scrapy.core.engine] DEBUG: Crawled (200) <GET http://push2his.eastmoney.com/api/qt/stock/kline/get?fields1=f1%2Cf2%2Cf3%2Cf4%2Cf5%2Cf6&fields2=f51%2Cf52%2Cf53%2Cf54%2Cf55%2Cf56%2Cf57%2Cf58%2Cf59%2Cf60%2Cf61&klt=101&fqt=0&beg=20210830&end=20500101&secid=1.688800> (referer: http://push2.eastmoney.com/api/qt/clist/get?fs=m%3A0%2Bt%3A6%2Cm%3A0%2Bt%3A80%2Cm%3A1%2Bt%3A2%2Cm%3A1%2Bt%3A23&fields=f12%2Cf14&pn=1&pz=50000)
2021-08-30 21:40:31 [scrapy.core.scraper] DEBUG: Scraped from <200 http://push2his.eastmoney.com/api/qt/stock/kline/get?fields1=f1%2Cf2%2Cf3%2Cf4%2Cf5%2Cf6&fields2=f51%2Cf52%2Cf53%2Cf54%2Cf55%2Cf56%2Cf57%2Cf58%2Cf59%2Cf60%2Cf61&klt=101&fqt=0&beg=20210830&end=20500101&secid=1.688800>
None
2021-08-30 21:40:32 [scrapy.core.engine] DEBUG: Crawled (200) <GET http://push2his.eastmoney.com/api/qt/stock/kline/get?fields1=f1%2Cf2%2Cf3%2Cf4%2Cf5%2Cf6&fields2=f51%2Cf52%2Cf53%2Cf54%2Cf55%2Cf56%2Cf57%2Cf58%2Cf59%2Cf60%2Cf61&klt=101&fqt=0&beg=20210830&end=20500101&secid=1.688799> (referer: http://push2.eastmoney.com/api/qt/clist/get?fs=m%3A0%2Bt%3A6%2Cm%3A0%2Bt%3A80%2Cm%3A1%2Bt%3A2%2Cm%3A1%2Bt%3A23&fields=f12%2Cf14&pn=1&pz=50000)
2021-08-30 21:40:33 [scrapy.core.scraper] DEBUG: Scraped from <200 http://push2his.eastmoney.com/api/qt/stock/kline/get?fields1=f1%2Cf2%2Cf3%2Cf4%2Cf5%2Cf6&fields2=f51%2Cf52%2Cf53%2Cf54%2Cf55%2Cf56%2Cf57%2Cf58%2Cf59%2Cf60%2Cf61&klt=101&fqt=0&beg=20210830&end=20500101&secid=1.688799>
None
2021-08-30 21:40:34 [scrapy.core.engine] DEBUG: Crawled (200) <GET http://push2his.eastmoney.com/api/qt/stock/kline/get?fields1=f1%2Cf2%2Cf3%2Cf4%2Cf5%2Cf6&fields2=f51%2Cf52%2Cf53%2Cf54%2Cf55%2Cf56%2Cf57%2Cf58%2Cf59%2Cf60%2Cf61&klt=101&fqt=0&beg=20210830&end=20500101&secid=1.688798> (referer: http://push2.eastmoney.com/api/qt/clist/get?fs=m%3A0%2Bt%3A6%2Cm%3A0%2Bt%3A80%2Cm%3A1%2Bt%3A2%2Cm%3A1%2Bt%3A23&fields=f12%2Cf14&pn=1&pz=50000)
2021-08-30 21:40:34 [scrapy.core.scraper] DEBUG: Scraped from <200 http://push2his.eastmoney.com/api/qt/stock/kline/get?fields1=f1%2Cf2%2Cf3%2Cf4%2Cf5%2Cf6&fields2=f51%2Cf52%2Cf53%2Cf54%2Cf55%2Cf56%2Cf57%2Cf58%2Cf59%2Cf60%2Cf61&klt=101&fqt=0&beg=20210830&end=20500101&secid=1.688798>
None
2021-08-30 21:40:35 [scrapy.core.engine] DEBUG: Crawled (200) <GET http://push2his.eastmoney.com/api/qt/stock/kline/get?fields1=f1%2Cf2%2Cf3%2Cf4%2Cf5%2Cf6&fields2=f51%2Cf52%2Cf53%2Cf54%2Cf55%2Cf56%2Cf57%2Cf58%2Cf59%2Cf60%2Cf61&klt=101&fqt=0&beg=20210830&end=20500101&secid=1.688793> (referer: http://push2.eastmoney.com/api/qt/clist/get?fs=m%3A0%2Bt%3A6%2Cm%3A0%2Bt%3A80%2Cm%3A1%2Bt%3A2%2Cm%3A1%2Bt%3A23&fields=f12%2Cf14&pn=1&pz=50000)
2021-08-30 21:40:35 [scrapy.core.scraper] DEBUG: Scraped from <200 http://push2his.eastmoney.com/api/qt/stock/kline/get?fields1=f1%2Cf2%2Cf3%2Cf4%2Cf5%2Cf6&fields2=f51%2Cf52%2Cf53%2Cf54%2Cf55%2Cf56%2Cf57%2Cf58%2Cf59%2Cf60%2Cf61&klt=101&fqt=0&beg=20210830&end=20500101&secid=1.688793>
None
2021-08-30 21:40:36 [scrapy.core.engine] DEBUG: Crawled (200) <GET http://push2his.eastmoney.com/api/qt/stock/kline/get?fields1=f1%2Cf2%2Cf3%2Cf4%2Cf5%2Cf6&fields2=f51%2Cf52%2Cf53%2Cf54%2Cf55%2Cf56%2Cf57%2Cf58%2Cf59%2Cf60%2Cf61&klt=101&fqt=0&beg=20210830&end=20500101&secid=1.688789> (referer: http://push2.eastmoney.com/api/qt/clist/get?fs=m%3A0%2Bt%3A6%2Cm%3A0%2Bt%3A80%2Cm%3A1%2Bt%3A2%2Cm%3A1%2Bt%3A23&fields=f12%2Cf14&pn=1&pz=50000)
2021-08-30 21:40:37 [scrapy.core.scraper] DEBUG: Scraped from <200 http://push2his.eastmoney.com/api/qt/stock/kline/get?fields1=f1%2Cf2%2Cf3%2Cf4%2Cf5%2Cf6&fields2=f51%2Cf52%2Cf53%2Cf54%2Cf55%2Cf56%2Cf57%2Cf58%2Cf59%2Cf60%2Cf61&klt=101&fqt=0&beg=20210830&end=20500101&secid=1.688789>
None
2021-08-30 21:40:38 [scrapy.core.engine] DEBUG: Crawled (200) <GET http://push2his.eastmoney.com/api/qt/stock/kline/get?fields1=f1%2Cf2%2Cf3%2Cf4%2Cf5%2Cf6&fields2=f51%2Cf52%2Cf53%2Cf54%2Cf55%2Cf56%2Cf57%2Cf58%2Cf59%2Cf60%2Cf61&klt=101&fqt=0&beg=20210830&end=20500101&secid=1.688788> (referer: http://push2.eastmoney.com/api/qt/clist/get?fs=m%3A0%2Bt%3A6%2Cm%3A0%2Bt%3A80%2Cm%3A1%2Bt%3A2%2Cm%3A1%2Bt%3A23&fields=f12%2Cf14&pn=1&pz=50000)
2021-08-30 21:40:38 [scrapy.core.scraper] DEBUG: Scraped from <200 http://push2his.eastmoney.com/api/qt/stock/kline/get?fields1=f1%2Cf2%2Cf3%2Cf4%2Cf5%2Cf6&fields2=f51%2Cf52%2Cf53%2Cf54%2Cf55%2Cf56%2Cf57%2Cf58%2Cf59%2Cf60%2Cf61&klt=101&fqt=0&beg=20210830&end=20500101&secid=1.688788>
None
2021-08-30 21:40:39 [scrapy.core.engine] DEBUG: Crawled (200) <GET http://push2his.eastmoney.com/api/qt/stock/kline/get?fields1=f1%2Cf2%2Cf3%2Cf4%2Cf5%2Cf6&fields2=f51%2Cf52%2Cf53%2Cf54%2Cf55%2Cf56%2Cf57%2Cf58%2Cf59%2Cf60%2Cf61&klt=101&fqt=0&beg=20210830&end=20500101&secid=1.688787> (referer: http://push2.eastmoney.com/api/qt/clist/get?fs=m%3A0%2Bt%3A6%2Cm%3A0%2Bt%3A80%2Cm%3A1%2Bt%3A2%2Cm%3A1%2Bt%3A23&fields=f12%2Cf14&pn=1&pz=50000)
2021-08-30 21:40:39 [scrapy.core.scraper] DEBUG: Scraped from <200 http://push2his.eastmoney.com/api/qt/stock/kline/get?fields1=f1%2Cf2%2Cf3%2Cf4%2Cf5%2Cf6&fields2=f51%2Cf52%2Cf53%2Cf54%2Cf55%2Cf56%2Cf57%2Cf58%2Cf59%2Cf60%2Cf61&klt=101&fqt=0&beg=20210830&end=20500101&secid=1.688787>
None
2021-08-30 21:40:40 [scrapy.core.engine] DEBUG: Crawled (200) <GET http://push2his.eastmoney.com/api/qt/stock/kline/get?fields1=f1%2Cf2%2Cf3%2Cf4%2Cf5%2Cf6&fields2=f51%2Cf52%2Cf53%2Cf54%2Cf55%2Cf56%2Cf57%2Cf58%2Cf59%2Cf60%2Cf61&klt=101&fqt=0&beg=20210830&end=20500101&secid=1.688786> (referer: http://push2.eastmoney.com/api/qt/clist/get?fs=m%3A0%2Bt%3A6%2Cm%3A0%2Bt%3A80%2Cm%3A1%2Bt%3A2%2Cm%3A1%2Bt%3A23&fields=f12%2Cf14&pn=1&pz=50000)
2021-08-30 21:40:40 [scrapy.core.scraper] DEBUG: Scraped from <200 http://push2his.eastmoney.com/api/qt/stock/kline/get?fields1=f1%2Cf2%2Cf3%2Cf4%2Cf5%2Cf6&fields2=f51%2Cf52%2Cf53%2Cf54%2Cf55%2Cf56%2Cf57%2Cf58%2Cf59%2Cf60%2Cf61&klt=101&fqt=0&beg=20210830&end=20500101&secid=1.688786>
None
2021-08-30 21:40:41 [scrapy.core.engine] DEBUG: Crawled (200) <GET http://push2his.eastmoney.com/api/qt/stock/kline/get?fields1=f1%2Cf2%2Cf3%2Cf4%2Cf5%2Cf6&fields2=f51%2Cf52%2Cf53%2Cf54%2Cf55%2Cf56%2Cf57%2Cf58%2Cf59%2Cf60%2Cf61&klt=101&fqt=0&beg=20210830&end=20500101&secid=1.688779> (referer: http://push2.eastmoney.com/api/qt/clist/get?fs=m%3A0%2Bt%3A6%2Cm%3A0%2Bt%3A80%2Cm%3A1%2Bt%3A2%2Cm%3A1%2Bt%3A23&fields=f12%2Cf14&pn=1&pz=50000)
2021-08-30 21:40:41 [scrapy.core.scraper] DEBUG: Scraped from <200 http://push2his.eastmoney.com/api/qt/stock/kline/get?fields1=f1%2Cf2%2Cf3%2Cf4%2Cf5%2Cf6&fields2=f51%2Cf52%2Cf53%2Cf54%2Cf55%2Cf56%2Cf57%2Cf58%2Cf59%2Cf60%2Cf61&klt=101&fqt=0&beg=20210830&end=20500101&secid=1.688779>
None
2021-08-30 21:40:42 [scrapy.core.engine] DEBUG: Crawled (200) <GET http://push2his.eastmoney.com/api/qt/stock/kline/get?fields1=f1%2Cf2%2Cf3%2Cf4%2Cf5%2Cf6&fields2=f51%2Cf52%2Cf53%2Cf54%2Cf55%2Cf56%2Cf57%2Cf58%2Cf59%2Cf60%2Cf61&klt=101&fqt=0&beg=20210830&end=20500101&secid=1.688778> (referer: http://push2.eastmoney.com/api/qt/clist/get?fs=m%3A0%2Bt%3A6%2Cm%3A0%2Bt%3A80%2Cm%3A1%2Bt%3A2%2Cm%3A1%2Bt%3A23&fields=f12%2Cf14&pn=1&pz=50000)
2021-08-30 21:40:42 [scrapy.core.scraper] DEBUG: Scraped from <200 http://push2his.eastmoney.com/api/qt/stock/kline/get?fields1=f1%2Cf2%2Cf3%2Cf4%2Cf5%2Cf6&fields2=f51%2Cf52%2Cf53%2Cf54%2Cf55%2Cf56%2Cf57%2Cf58%2Cf59%2Cf60%2Cf61&klt=101&fqt=0&beg=20210830&end=20500101&secid=1.688778>
None
2021-08-30 21:40:43 [scrapy.core.engine] DEBUG: Crawled (200) <GET http://push2his.eastmoney.com/api/qt/stock/kline/get?fields1=f1%2Cf2%2Cf3%2Cf4%2Cf5%2Cf6&fields2=f51%2Cf52%2Cf53%2Cf54%2Cf55%2Cf56%2Cf57%2Cf58%2Cf59%2Cf60%2Cf61&klt=101&fqt=0&beg=20210830&end=20500101&secid=1.688777> (referer: http://push2.eastmoney.com/api/qt/clist/get?fs=m%3A0%2Bt%3A6%2Cm%3A0%2Bt%3A80%2Cm%3A1%2Bt%3A2%2Cm%3A1%2Bt%3A23&fields=f12%2Cf14&pn=1&pz=50000)
2021-08-30 21:40:43 [scrapy.core.scraper] DEBUG: Scraped from <200 http://push2his.eastmoney.com/api/qt/stock/kline/get?fields1=f1%2Cf2%2Cf3%2Cf4%2Cf5%2Cf6&fields2=f51%2Cf52%2Cf53%2Cf54%2Cf55%2Cf56%2Cf57%2Cf58%2Cf59%2Cf60%2Cf61&klt=101&fqt=0&beg=20210830&end=20500101&secid=1.688777>
None
