2021-08-03 15:02:08 [scrapy.middleware] INFO: Enabled extensions:
['scrapy.extensions.corestats.CoreStats',
 'scrapy.extensions.memusage.MemoryUsage',
 'scrapy.extensions.logstats.LogStats',
 'scrapy.extensions.throttle.AutoThrottle',
 'tutorial.extensions.StatsMailer',
 'tutorial.extensions.CoreStats']
2021-08-03 15:02:08 [scrapy.middleware] INFO: Enabled downloader middlewares:
['scrapy.downloadermiddlewares.httpauth.HttpAuthMiddleware',
 'scrapy.downloadermiddlewares.downloadtimeout.DownloadTimeoutMiddleware',
 'scrapy.downloadermiddlewares.defaultheaders.DefaultHeadersMiddleware',
 'tutorial.middlewares.UserAgentMiddleware',
 'tutorial.middlewares.RetryMiddleware',
 'scrapy.downloadermiddlewares.redirect.MetaRefreshMiddleware',
 'scrapy.downloadermiddlewares.httpcompression.HttpCompressionMiddleware',
 'scrapy.downloadermiddlewares.stats.DownloaderStats']
2021-08-03 15:02:08 [scrapy.middleware] INFO: Enabled spider middlewares:
['tutorial.middlewares.ErrorSpiderMiddleware',
 'scrapy.spidermiddlewares.offsite.OffsiteMiddleware',
 'scrapy.spidermiddlewares.referer.RefererMiddleware',
 'scrapy.spidermiddlewares.urllength.UrlLengthMiddleware',
 'scrapy.spidermiddlewares.depth.DepthMiddleware']
2021-08-03 15:02:09 [scrapy.middleware] INFO: Enabled item pipelines:
['tutorial.pipelines.BasicsPipeline',
 'tutorial.pipelines.AlignPipeline',
 'tutorial.pipelines.DbPipeline']
2021-08-03 15:02:09 [scrapy.core.engine] INFO: Spider opened
2021-08-03 15:02:09 [scrapy.extensions.logstats] INFO: Crawled 0 pages (at 0 pages/min), scraped 0 items (at 0 items/min)
2021-08-03 15:02:09 [scrapy.core.engine] DEBUG: Crawled (200) <GET http://push2.eastmoney.com/api/qt/clist/get?fs=m%3A0%2Bt%3A6%2Cm%3A0%2Bt%3A80%2Cm%3A1%2Bt%3A2%2Cm%3A1%2Bt%3A23&fields=f12%2Cf14&pn=1&pz=50000> (referer: None)
2021-08-03 15:02:13 [scrapy.core.scraper] DEBUG: Scraped from <200 http://push2.eastmoney.com/api/qt/clist/get?fs=m%3A0%2Bt%3A6%2Cm%3A0%2Bt%3A80%2Cm%3A1%2Bt%3A2%2Cm%3A1%2Bt%3A23&fields=f12%2Cf14&pn=1&pz=50000>
None
2021-08-03 15:02:13 [scrapy.core.engine] DEBUG: Crawled (200) <GET http://push2his.eastmoney.com/api/qt/stock/kline/get?fields1=f1%2Cf2%2Cf3%2Cf4%2Cf5%2Cf6&fields2=f51%2Cf52%2Cf53%2Cf54%2Cf55%2Cf56%2Cf57%2Cf58%2Cf59%2Cf60%2Cf61&klt=101&fqt=0&beg=20210803&end=20500101&secid=0.000096> (referer: http://push2.eastmoney.com/api/qt/clist/get?fs=m%3A0%2Bt%3A6%2Cm%3A0%2Bt%3A80%2Cm%3A1%2Bt%3A2%2Cm%3A1%2Bt%3A23&fields=f12%2Cf14&pn=1&pz=50000)
2021-08-03 15:02:13 [scrapy.core.scraper] DEBUG: Scraped from <200 http://push2his.eastmoney.com/api/qt/stock/kline/get?fields1=f1%2Cf2%2Cf3%2Cf4%2Cf5%2Cf6&fields2=f51%2Cf52%2Cf53%2Cf54%2Cf55%2Cf56%2Cf57%2Cf58%2Cf59%2Cf60%2Cf61&klt=101&fqt=0&beg=20210803&end=20500101&secid=0.000096>
None
